2013/12/03 02:28:36 [error] [exception.CHttpException.404] exception 'CHttpException' with message 'Unable to resolve the request "gii".' in D:\yii115\framework\web\CWebApplication.php:328
Stack trace:
#0 D:\yii115\framework\web\CWebApplication.php(121): CWebApplication->runController('gii')
#1 D:\yii115\framework\base\CApplication.php(135): CWebApplication->processRequest()
#2 C:\xampp\htdocs\pulse\index.php(13): CApplication->run()
#3 {main} REQUEST_URI=/pulse/index.php?r=gii
2013/12/03 02:40:06 [error] [exception.CHttpException.404] exception 'CHttpException' with message 'The system is unable to find the requested action "team".' in D:\yii115\framework\web\CController.php:444
Stack trace:
#0 D:\yii115\framework\web\CController.php(262): CController->missingAction('team')
#1 D:\yii115\framework\web\CWebApplication.php(324): CController->run('team')
#2 D:\yii115\framework\web\CWebApplication.php(121): CWebApplication->runController('site/team')
#3 D:\yii115\framework\base\CApplication.php(135): CWebApplication->processRequest()
#4 C:\xampp\htdocs\pulse\index.php(13): CApplication->run()
#5 {main} REQUEST_URI=/pulse/index.php?r=site/team
2013/12/03 02:40:14 [error] [exception.CHttpException.404] exception 'CHttpException' with message 'The system is unable to find the requested action "Team".' in D:\yii115\framework\web\CController.php:444
Stack trace:
#0 D:\yii115\framework\web\CController.php(262): CController->missingAction('Team')
#1 D:\yii115\framework\web\CWebApplication.php(324): CController->run('Team')
#2 D:\yii115\framework\web\CWebApplication.php(121): CWebApplication->runController('site/Team')
#3 D:\yii115\framework\base\CApplication.php(135): CWebApplication->processRequest()
#4 C:\xampp\htdocs\pulse\index.php(13): CApplication->run()
#5 {main} REQUEST_URI=/pulse/index.php?r=site/Team
2013/12/03 02:41:04 [error] [exception.CHttpException.404] exception 'CHttpException' with message 'The system is unable to find the requested action "Team".' in D:\yii115\framework\web\CController.php:444
Stack trace:
#0 D:\yii115\framework\web\CController.php(262): CController->missingAction('Team')
#1 D:\yii115\framework\web\CWebApplication.php(324): CController->run('Team')
#2 D:\yii115\framework\web\CWebApplication.php(121): CWebApplication->runController('team/Team')
#3 D:\yii115\framework\base\CApplication.php(135): CWebApplication->processRequest()
#4 C:\xampp\htdocs\pulse\index.php(13): CApplication->run()
#5 {main} REQUEST_URI=/pulse/index.php?r=team/Team
2013/12/03 02:41:22 [error] [exception.CHttpException.404] exception 'CHttpException' with message 'The system is unable to find the requested action "Team".' in D:\yii115\framework\web\CController.php:444
Stack trace:
#0 D:\yii115\framework\web\CController.php(262): CController->missingAction('Team')
#1 D:\yii115\framework\web\CWebApplication.php(324): CController->run('Team')
#2 D:\yii115\framework\web\CWebApplication.php(121): CWebApplication->runController('team/Team')
#3 D:\yii115\framework\base\CApplication.php(135): CWebApplication->processRequest()
#4 C:\xampp\htdocs\pulse\index.php(13): CApplication->run()
#5 {main} REQUEST_URI=/pulse/index.php?r=team/Team
2013/12/03 02:41:42 [error] [exception.CHttpException.404] exception 'CHttpException' with message 'The system is unable to find the requested action "Score".' in D:\yii115\framework\web\CController.php:444
Stack trace:
#0 D:\yii115\framework\web\CController.php(262): CController->missingAction('Score')
#1 D:\yii115\framework\web\CWebApplication.php(324): CController->run('Score')
#2 D:\yii115\framework\web\CWebApplication.php(121): CWebApplication->runController('event/Score')
#3 D:\yii115\framework\base\CApplication.php(135): CWebApplication->processRequest()
#4 C:\xampp\htdocs\pulse\index.php(13): CApplication->run()
#5 {main} REQUEST_URI=/pulse/index.php?r=event/Score
2013/12/03 02:42:22 [error] [exception.CHttpException.404] exception 'CHttpException' with message 'The system is unable to find the requested action "Score".' in D:\yii115\framework\web\CController.php:444
Stack trace:
#0 D:\yii115\framework\web\CController.php(262): CController->missingAction('Score')
#1 D:\yii115\framework\web\CWebApplication.php(324): CController->run('Score')
#2 D:\yii115\framework\web\CWebApplication.php(121): CWebApplication->runController('event/Score')
#3 D:\yii115\framework\base\CApplication.php(135): CWebApplication->processRequest()
#4 C:\xampp\htdocs\pulse\index.php(13): CApplication->run()
#5 {main} REQUEST_URI=/pulse/index.php?r=event/Score
2013/12/03 02:42:23 [error] [exception.CHttpException.404] exception 'CHttpException' with message 'Unable to resolve the request "Index".' in D:\yii115\framework\web\CWebApplication.php:328
Stack trace:
#0 D:\yii115\framework\web\CWebApplication.php(121): CWebApplication->runController('Index')
#1 D:\yii115\framework\base\CApplication.php(135): CWebApplication->processRequest()
#2 C:\xampp\htdocs\pulse\index.php(13): CApplication->run()
#3 {main} REQUEST_URI=/pulse/index.php?r=Index
2013/12/03 02:42:43 [error] [exception.CHttpException.404] exception 'CHttpException' with message 'The system is unable to find the requested action "ParticipatingTeam".' in D:\yii115\framework\web\CController.php:444
Stack trace:
#0 D:\yii115\framework\web\CController.php(262): CController->missingAction('ParticipatingTe...')
#1 D:\yii115\framework\web\CWebApplication.php(324): CController->run('ParticipatingTe...')
#2 D:\yii115\framework\web\CWebApplication.php(121): CWebApplication->runController('event/Participa...')
#3 D:\yii115\framework\base\CApplication.php(135): CWebApplication->processRequest()
#4 C:\xampp\htdocs\pulse\index.php(13): CApplication->run()
#5 {main} REQUEST_URI=/pulse/index.php?r=event/ParticipatingTeam
2013/12/03 02:43:03 [error] [exception.CHttpException.404] exception 'CHttpException' with message 'Unable to resolve the request "Particiation".' in D:\yii115\framework\web\CWebApplication.php:328
Stack trace:
#0 D:\yii115\framework\web\CWebApplication.php(121): CWebApplication->runController('Particiation')
#1 D:\yii115\framework\base\CApplication.php(135): CWebApplication->processRequest()
#2 C:\xampp\htdocs\pulse\index.php(13): CApplication->run()
#3 {main} REQUEST_URI=/pulse/index.php?r=Particiation
2013/12/03 02:43:09 [error] [exception.CHttpException.404] exception 'CHttpException' with message 'Unable to resolve the request "Particiation".' in D:\yii115\framework\web\CWebApplication.php:328
Stack trace:
#0 D:\yii115\framework\web\CWebApplication.php(121): CWebApplication->runController('Particiation')
#1 D:\yii115\framework\base\CApplication.php(135): CWebApplication->processRequest()
#2 C:\xampp\htdocs\pulse\index.php(13): CApplication->run()
#3 {main} REQUEST_URI=/pulse/index.php?r=Particiation
2013/12/03 02:49:10 [error] [php] Non-static method Date_TimeZone::isValidID() should not be called statically (C:\xampp\php\PEAR\Date\TimeZone.php:4717)
Stack trace:
#0 D:\yii115\framework\YiiBase.php(395): include()
#1 D:\yii115\framework\YiiBase.php(290): autoload()
#2 D:\yii115\framework\validators\CValidator.php(158): import()
#3 D:\yii115\framework\base\CModel.php(281): createValidator()
#4 D:\yii115\framework\base\CModel.php(255): Event->createValidators()
#5 D:\yii115\framework\base\CModel.php(546): Event->getValidators()
#6 D:\yii115\framework\base\CModel.php(465): Event->getSafeAttributeNames()
#7 D:\yii115\framework\base\CComponent.php(152): Event->setAttributes()
#8 D:\yii115\framework\db\ar\CActiveRecord.php(127): Event->__set()
#9 C:\xampp\htdocs\pulse\protected\controllers\EventController.php(71): Event->__set()
#10 D:\yii115\framework\web\actions\CInlineAction.php(57): EventController->actionCreate()
#11 D:\yii115\framework\web\CController.php(300): CInlineAction->run()
#12 D:\yii115\framework\web\filters\CFilterChain.php(133): EventController->runAction()
#13 D:\yii115\framework\web\filters\CFilter.php(41): CFilterChain->run()
#14 D:\yii115\framework\web\CController.php(1084): CAccessControlFilter->filter()
#15 D:\yii115\framework\web\filters\CInlineFilter.php(59): EventController->filterAccessControl()
#16 D:\yii115\framework\web\filters\CFilterChain.php(130): CInlineFilter->filter()
#17 D:\yii115\framework\web\CController.php(283): CFilterChain->run()
#18 D:\yii115\framework\web\CController.php(257): EventController->runActionWithFilters()
#19 D:\yii115\framework\web\CWebApplication.php(324): EventController->run()
#20 D:\yii115\framework\web\CWebApplication.php(121): CWebApplication->runController()
#21 D:\yii115\framework\base\CApplication.php(135): CWebApplication->processRequest()
#22 C:\xampp\htdocs\pulse\index.php(13): CWebApplication->run()
REQUEST_URI=/pulse/index.php?r=event/create
in C:\xampp\php\PEAR\Date\TimeZone.php (4717)
in C:\xampp\php\PEAR\Date\TimeZone.php (4717)
in C:\xampp\php\PEAR\Date.php (55)
2013/12/04 18:52:30 [error] [exception.CHttpException.404] exception 'CHttpException' with message 'Unable to resolve the request "Event/admingii".' in D:\yii115\framework\web\CWebApplication.php:328
Stack trace:
#0 D:\yii115\framework\web\CWebApplication.php(121): CWebApplication->runController('Event/admingii')
#1 D:\yii115\framework\base\CApplication.php(135): CWebApplication->processRequest()
#2 C:\xampp\htdocs\pulse\index.php(13): CApplication->run()
#3 {main} REQUEST_URI=/pulse/index.php?r=Event/admingii
2013/12/05 19:14:52 [error] [system.db.CDbCommand] Error in querying SQL: SHOW COLUMNS FROM `participating_team`
in D:\yii115\framework\gii\generators\model\ModelCode.php (139)
in D:\yii115\framework\gii\generators\model\ModelCode.php (115)
in D:\yii115\framework\gii\CCodeGenerator.php (155)
2013/12/08 15:23:03 [error] [php] include(Events.php) [<a href='function.include'>function.include</a>]: failed to open stream: No such file or directory (D:\yii115\framework\YiiBase.php:395)
Stack trace:
#0 C:\xampp\htdocs\pulse\protected\controllers\ParticipatingTeamController.php(75): spl_autoload_call()
#1 D:\yii115\framework\web\actions\CInlineAction.php(57): ParticipatingTeamController->actionCreate()
#2 D:\yii115\framework\web\CController.php(300): CInlineAction->run()
#3 D:\yii115\framework\web\filters\CFilterChain.php(133): ParticipatingTeamController->runAction()
#4 D:\yii115\framework\web\filters\CFilter.php(41): CFilterChain->run()
#5 D:\yii115\framework\web\CController.php(1084): CAccessControlFilter->filter()
#6 D:\yii115\framework\web\filters\CInlineFilter.php(59): ParticipatingTeamController->filterAccessControl()
#7 D:\yii115\framework\web\filters\CFilterChain.php(130): CInlineFilter->filter()
#8 D:\yii115\framework\web\CController.php(283): CFilterChain->run()
#9 D:\yii115\framework\web\CController.php(257): ParticipatingTeamController->runActionWithFilters()
#10 D:\yii115\framework\web\CWebApplication.php(324): ParticipatingTeamController->run()
#11 D:\yii115\framework\web\CWebApplication.php(121): CWebApplication->runController()
#12 D:\yii115\framework\base\CApplication.php(135): CWebApplication->processRequest()
#13 C:\xampp\htdocs\pulse\index.php(13): CWebApplication->run()
REQUEST_URI=/pulse/index.php?r=participatingTeam/create
in C:\xampp\htdocs\pulse\protected\controllers\ParticipatingTeamController.php (75)
in C:\xampp\htdocs\pulse\index.php (13)
2013/12/08 15:26:42 [error] [exception.CException] exception 'CException' with message 'Property "Event.id" is not defined.' in D:\yii115\framework\base\CComponent.php:131
Stack trace:
#0 D:\yii115\framework\db\ar\CActiveRecord.php(111): CComponent->__get('id')
#1 C:\xampp\htdocs\pulse\protected\controllers\ParticipatingTeamController.php(78): CActiveRecord->__get('id')
#2 D:\yii115\framework\web\actions\CInlineAction.php(57): ParticipatingTeamController->actionCreate()
#3 D:\yii115\framework\web\CController.php(300): CInlineAction->run()
#4 D:\yii115\framework\web\filters\CFilterChain.php(133): CController->runAction(Object(CInlineAction))
#5 D:\yii115\framework\web\filters\CFilter.php(41): CFilterChain->run()
#6 D:\yii115\framework\web\CController.php(1084): CFilter->filter(Object(CFilterChain))
#7 D:\yii115\framework\web\filters\CInlineFilter.php(59): CController->filterAccessControl(Object(CFilterChain))
#8 D:\yii115\framework\web\filters\CFilterChain.php(130): CInlineFilter->filter(Object(CFilterChain))
#9 D:\yii115\framework\web\CController.php(283): CFilterChain->run()
#10 D:\yii115\framework\web\CController.php(257): CController->runActionWithFilters(Object(CInlineAction), Array)
#11 D:\yii115\framework\web\CWebApplication.php(324): CController->run('create')
#12 D:\yii115\framework\web\CWebApplication.php(121): CWebApplication->runController('participatingTe...')
#13 D:\yii115\framework\base\CApplication.php(135): CWebApplication->processRequest()
#14 C:\xampp\htdocs\pulse\index.php(13): CApplication->run()
#15 {main} REQUEST_URI=/pulse/index.php?r=participatingTeam/create
2013/12/08 15:28:26 [error] [php] Undefined variable: events (C:\xampp\htdocs\pulse\protected\views\participatingTeam\_form.php:6)
Stack trace:
#0 D:\yii115\framework\web\CController.php(833): ParticipatingTeamController->renderFile()
#1 C:\xampp\htdocs\pulse\protected\views\participatingTeam\create.php(15): ParticipatingTeamController->renderPartial()
#2 D:\yii115\framework\web\CBaseController.php(119): require()
#3 D:\yii115\framework\web\CBaseController.php(88): ParticipatingTeamController->renderInternal()
#4 D:\yii115\framework\web\CController.php(833): ParticipatingTeamController->renderFile()
#5 D:\yii115\framework\web\CController.php(746): ParticipatingTeamController->renderPartial()
#6 C:\xampp\htdocs\pulse\protected\controllers\ParticipatingTeamController.php(82): ParticipatingTeamController->render()
#7 D:\yii115\framework\web\actions\CInlineAction.php(57): ParticipatingTeamController->actionCreate()
#8 D:\yii115\framework\web\CController.php(300): CInlineAction->run()
#9 D:\yii115\framework\web\filters\CFilterChain.php(133): ParticipatingTeamController->runAction()
#10 D:\yii115\framework\web\filters\CFilter.php(41): CFilterChain->run()
#11 D:\yii115\framework\web\CController.php(1084): CAccessControlFilter->filter()
#12 D:\yii115\framework\web\filters\CInlineFilter.php(59): ParticipatingTeamController->filterAccessControl()
#13 D:\yii115\framework\web\filters\CFilterChain.php(130): CInlineFilter->filter()
#14 D:\yii115\framework\web\CController.php(283): CFilterChain->run()
#15 D:\yii115\framework\web\CController.php(257): ParticipatingTeamController->runActionWithFilters()
#16 D:\yii115\framework\web\CWebApplication.php(324): ParticipatingTeamController->run()
#17 D:\yii115\framework\web\CWebApplication.php(121): CWebApplication->runController()
#18 D:\yii115\framework\base\CApplication.php(135): CWebApplication->processRequest()
#19 C:\xampp\htdocs\pulse\index.php(13): CWebApplication->run()
REQUEST_URI=/pulse/index.php?r=participatingTeam/create
in C:\xampp\htdocs\pulse\protected\views\participatingTeam\_form.php (6)
in C:\xampp\htdocs\pulse\protected\views\participatingTeam\create.php (15)
in C:\xampp\htdocs\pulse\protected\controllers\ParticipatingTeamController.php (82)
2013/12/08 15:28:36 [error] [exception.CException] exception 'CException' with message 'Property "ParticipatingTeamController.events" is not defined.' in D:\yii115\framework\base\CComponent.php:131
Stack trace:
#0 C:\xampp\htdocs\pulse\protected\views\participatingTeam\_form.php(6): CComponent->__get('events')
#1 D:\yii115\framework\web\CBaseController.php(119): require('C:\xampp\htdocs...')
#2 D:\yii115\framework\web\CBaseController.php(88): CBaseController->renderInternal('C:\xampp\htdocs...', Array, true)
#3 D:\yii115\framework\web\CController.php(833): CBaseController->renderFile('C:\xampp\htdocs...', Array, true)
#4 C:\xampp\htdocs\pulse\protected\views\participatingTeam\create.php(15): CController->renderPartial('_form', Array)
#5 D:\yii115\framework\web\CBaseController.php(119): require('C:\xampp\htdocs...')
#6 D:\yii115\framework\web\CBaseController.php(88): CBaseController->renderInternal('C:\xampp\htdocs...', Array, true)
#7 D:\yii115\framework\web\CController.php(833): CBaseController->renderFile('C:\xampp\htdocs...', Array, true)
#8 D:\yii115\framework\web\CController.php(746): CController->renderPartial('create', Array, true)
#9 C:\xampp\htdocs\pulse\protected\controllers\ParticipatingTeamController.php(82): CController->render('create', Array)
#10 D:\yii115\framework\web\actions\CInlineAction.php(57): ParticipatingTeamController->actionCreate()
#11 D:\yii115\framework\web\CController.php(300): CInlineAction->run()
#12 D:\yii115\framework\web\filters\CFilterChain.php(133): CController->runAction(Object(CInlineAction))
#13 D:\yii115\framework\web\filters\CFilter.php(41): CFilterChain->run()
#14 D:\yii115\framework\web\CController.php(1084): CFilter->filter(Object(CFilterChain))
#15 D:\yii115\framework\web\filters\CInlineFilter.php(59): CController->filterAccessControl(Object(CFilterChain))
#16 D:\yii115\framework\web\filters\CFilterChain.php(130): CInlineFilter->filter(Object(CFilterChain))
#17 D:\yii115\framework\web\CController.php(283): CFilterChain->run()
#18 D:\yii115\framework\web\CController.php(257): CController->runActionWithFilters(Object(CInlineAction), Array)
#19 D:\yii115\framework\web\CWebApplication.php(324): CController->run('create')
#20 D:\yii115\framework\web\CWebApplication.php(121): CWebApplication->runController('participatingTe...')
#21 D:\yii115\framework\base\CApplication.php(135): CWebApplication->processRequest()
#22 C:\xampp\htdocs\pulse\index.php(13): CApplication->run()
#23 {main} REQUEST_URI=/pulse/index.php?r=participatingTeam/create
2013/12/08 15:28:37 [error] [exception.CException] exception 'CException' with message 'Property "ParticipatingTeamController.events" is not defined.' in D:\yii115\framework\base\CComponent.php:131
Stack trace:
#0 C:\xampp\htdocs\pulse\protected\views\participatingTeam\_form.php(6): CComponent->__get('events')
#1 D:\yii115\framework\web\CBaseController.php(119): require('C:\xampp\htdocs...')
#2 D:\yii115\framework\web\CBaseController.php(88): CBaseController->renderInternal('C:\xampp\htdocs...', Array, true)
#3 D:\yii115\framework\web\CController.php(833): CBaseController->renderFile('C:\xampp\htdocs...', Array, true)
#4 C:\xampp\htdocs\pulse\protected\views\participatingTeam\create.php(15): CController->renderPartial('_form', Array)
#5 D:\yii115\framework\web\CBaseController.php(119): require('C:\xampp\htdocs...')
#6 D:\yii115\framework\web\CBaseController.php(88): CBaseController->renderInternal('C:\xampp\htdocs...', Array, true)
#7 D:\yii115\framework\web\CController.php(833): CBaseController->renderFile('C:\xampp\htdocs...', Array, true)
#8 D:\yii115\framework\web\CController.php(746): CController->renderPartial('create', Array, true)
#9 C:\xampp\htdocs\pulse\protected\controllers\ParticipatingTeamController.php(82): CController->render('create', Array)
#10 D:\yii115\framework\web\actions\CInlineAction.php(57): ParticipatingTeamController->actionCreate()
#11 D:\yii115\framework\web\CController.php(300): CInlineAction->run()
#12 D:\yii115\framework\web\filters\CFilterChain.php(133): CController->runAction(Object(CInlineAction))
#13 D:\yii115\framework\web\filters\CFilter.php(41): CFilterChain->run()
#14 D:\yii115\framework\web\CController.php(1084): CFilter->filter(Object(CFilterChain))
#15 D:\yii115\framework\web\filters\CInlineFilter.php(59): CController->filterAccessControl(Object(CFilterChain))
#16 D:\yii115\framework\web\filters\CFilterChain.php(130): CInlineFilter->filter(Object(CFilterChain))
#17 D:\yii115\framework\web\CController.php(283): CFilterChain->run()
#18 D:\yii115\framework\web\CController.php(257): CController->runActionWithFilters(Object(CInlineAction), Array)
#19 D:\yii115\framework\web\CWebApplication.php(324): CController->run('create')
#20 D:\yii115\framework\web\CWebApplication.php(121): CWebApplication->runController('participatingTe...')
#21 D:\yii115\framework\base\CApplication.php(135): CWebApplication->processRequest()
#22 C:\xampp\htdocs\pulse\index.php(13): CApplication->run()
#23 {main} REQUEST_URI=/pulse/index.php?r=participatingTeam/create
2013/12/08 15:47:52 [error] [exception.CException] exception 'CException' with message 'Property "ParticipatingTeamController.events" is not defined.' in D:\yii115\framework\base\CComponent.php:131
Stack trace:
#0 C:\xampp\htdocs\pulse\protected\views\participatingTeam\_form.php(6): CComponent->__get('events')
#1 D:\yii115\framework\web\CBaseController.php(119): require('C:\xampp\htdocs...')
#2 D:\yii115\framework\web\CBaseController.php(88): CBaseController->renderInternal('C:\xampp\htdocs...', Array, true)
#3 D:\yii115\framework\web\CController.php(833): CBaseController->renderFile('C:\xampp\htdocs...', Array, true)
#4 C:\xampp\htdocs\pulse\protected\views\participatingTeam\create.php(15): CController->renderPartial('_form', Array)
#5 D:\yii115\framework\web\CBaseController.php(119): require('C:\xampp\htdocs...')
#6 D:\yii115\framework\web\CBaseController.php(88): CBaseController->renderInternal('C:\xampp\htdocs...', Array, true)
#7 D:\yii115\framework\web\CController.php(833): CBaseController->renderFile('C:\xampp\htdocs...', Array, true)
#8 D:\yii115\framework\web\CController.php(746): CController->renderPartial('create', Array, true)
#9 C:\xampp\htdocs\pulse\protected\controllers\ParticipatingTeamController.php(82): CController->render('create', Array)
#10 D:\yii115\framework\web\actions\CInlineAction.php(57): ParticipatingTeamController->actionCreate()
#11 D:\yii115\framework\web\CController.php(300): CInlineAction->run()
#12 D:\yii115\framework\web\filters\CFilterChain.php(133): CController->runAction(Object(CInlineAction))
#13 D:\yii115\framework\web\filters\CFilter.php(41): CFilterChain->run()
#14 D:\yii115\framework\web\CController.php(1084): CFilter->filter(Object(CFilterChain))
#15 D:\yii115\framework\web\filters\CInlineFilter.php(59): CController->filterAccessControl(Object(CFilterChain))
#16 D:\yii115\framework\web\filters\CFilterChain.php(130): CInlineFilter->filter(Object(CFilterChain))
#17 D:\yii115\framework\web\CController.php(283): CFilterChain->run()
#18 D:\yii115\framework\web\CController.php(257): CController->runActionWithFilters(Object(CInlineAction), Array)
#19 D:\yii115\framework\web\CWebApplication.php(324): CController->run('create')
#20 D:\yii115\framework\web\CWebApplication.php(121): CWebApplication->runController('participatingTe...')
#21 D:\yii115\framework\base\CApplication.php(135): CWebApplication->processRequest()
#22 C:\xampp\htdocs\pulse\index.php(13): CApplication->run()
#23 {main} REQUEST_URI=/pulse/index.php?r=participatingTeam/create
2013/12/08 15:47:53 [error] [exception.CException] exception 'CException' with message 'Property "ParticipatingTeamController.events" is not defined.' in D:\yii115\framework\base\CComponent.php:131
Stack trace:
#0 C:\xampp\htdocs\pulse\protected\views\participatingTeam\_form.php(6): CComponent->__get('events')
#1 D:\yii115\framework\web\CBaseController.php(119): require('C:\xampp\htdocs...')
#2 D:\yii115\framework\web\CBaseController.php(88): CBaseController->renderInternal('C:\xampp\htdocs...', Array, true)
#3 D:\yii115\framework\web\CController.php(833): CBaseController->renderFile('C:\xampp\htdocs...', Array, true)
#4 C:\xampp\htdocs\pulse\protected\views\participatingTeam\create.php(15): CController->renderPartial('_form', Array)
#5 D:\yii115\framework\web\CBaseController.php(119): require('C:\xampp\htdocs...')
#6 D:\yii115\framework\web\CBaseController.php(88): CBaseController->renderInternal('C:\xampp\htdocs...', Array, true)
#7 D:\yii115\framework\web\CController.php(833): CBaseController->renderFile('C:\xampp\htdocs...', Array, true)
#8 D:\yii115\framework\web\CController.php(746): CController->renderPartial('create', Array, true)
#9 C:\xampp\htdocs\pulse\protected\controllers\ParticipatingTeamController.php(82): CController->render('create', Array)
#10 D:\yii115\framework\web\actions\CInlineAction.php(57): ParticipatingTeamController->actionCreate()
#11 D:\yii115\framework\web\CController.php(300): CInlineAction->run()
#12 D:\yii115\framework\web\filters\CFilterChain.php(133): CController->runAction(Object(CInlineAction))
#13 D:\yii115\framework\web\filters\CFilter.php(41): CFilterChain->run()
#14 D:\yii115\framework\web\CController.php(1084): CFilter->filter(Object(CFilterChain))
#15 D:\yii115\framework\web\filters\CInlineFilter.php(59): CController->filterAccessControl(Object(CFilterChain))
#16 D:\yii115\framework\web\filters\CFilterChain.php(130): CInlineFilter->filter(Object(CFilterChain))
#17 D:\yii115\framework\web\CController.php(283): CFilterChain->run()
#18 D:\yii115\framework\web\CController.php(257): CController->runActionWithFilters(Object(CInlineAction), Array)
#19 D:\yii115\framework\web\CWebApplication.php(324): CController->run('create')
#20 D:\yii115\framework\web\CWebApplication.php(121): CWebApplication->runController('participatingTe...')
#21 D:\yii115\framework\base\CApplication.php(135): CWebApplication->processRequest()
#22 C:\xampp\htdocs\pulse\index.php(13): CApplication->run()
#23 {main} REQUEST_URI=/pulse/index.php?r=participatingTeam/create
2013/12/08 15:47:54 [error] [exception.CException] exception 'CException' with message 'Property "ParticipatingTeamController.events" is not defined.' in D:\yii115\framework\base\CComponent.php:131
Stack trace:
#0 C:\xampp\htdocs\pulse\protected\views\participatingTeam\_form.php(6): CComponent->__get('events')
#1 D:\yii115\framework\web\CBaseController.php(119): require('C:\xampp\htdocs...')
#2 D:\yii115\framework\web\CBaseController.php(88): CBaseController->renderInternal('C:\xampp\htdocs...', Array, true)
#3 D:\yii115\framework\web\CController.php(833): CBaseController->renderFile('C:\xampp\htdocs...', Array, true)
#4 C:\xampp\htdocs\pulse\protected\views\participatingTeam\create.php(15): CController->renderPartial('_form', Array)
#5 D:\yii115\framework\web\CBaseController.php(119): require('C:\xampp\htdocs...')
#6 D:\yii115\framework\web\CBaseController.php(88): CBaseController->renderInternal('C:\xampp\htdocs...', Array, true)
#7 D:\yii115\framework\web\CController.php(833): CBaseController->renderFile('C:\xampp\htdocs...', Array, true)
#8 D:\yii115\framework\web\CController.php(746): CController->renderPartial('create', Array, true)
#9 C:\xampp\htdocs\pulse\protected\controllers\ParticipatingTeamController.php(82): CController->render('create', Array)
#10 D:\yii115\framework\web\actions\CInlineAction.php(57): ParticipatingTeamController->actionCreate()
#11 D:\yii115\framework\web\CController.php(300): CInlineAction->run()
#12 D:\yii115\framework\web\filters\CFilterChain.php(133): CController->runAction(Object(CInlineAction))
#13 D:\yii115\framework\web\filters\CFilter.php(41): CFilterChain->run()
#14 D:\yii115\framework\web\CController.php(1084): CFilter->filter(Object(CFilterChain))
#15 D:\yii115\framework\web\filters\CInlineFilter.php(59): CController->filterAccessControl(Object(CFilterChain))
#16 D:\yii115\framework\web\filters\CFilterChain.php(130): CInlineFilter->filter(Object(CFilterChain))
#17 D:\yii115\framework\web\CController.php(283): CFilterChain->run()
#18 D:\yii115\framework\web\CController.php(257): CController->runActionWithFilters(Object(CInlineAction), Array)
#19 D:\yii115\framework\web\CWebApplication.php(324): CController->run('create')
#20 D:\yii115\framework\web\CWebApplication.php(121): CWebApplication->runController('participatingTe...')
#21 D:\yii115\framework\base\CApplication.php(135): CWebApplication->processRequest()
#22 C:\xampp\htdocs\pulse\index.php(13): CApplication->run()
#23 {main} REQUEST_URI=/pulse/index.php?r=participatingTeam/create
2013/12/08 15:47:54 [error] [exception.CException] exception 'CException' with message 'Property "ParticipatingTeamController.events" is not defined.' in D:\yii115\framework\base\CComponent.php:131
Stack trace:
#0 C:\xampp\htdocs\pulse\protected\views\participatingTeam\_form.php(6): CComponent->__get('events')
#1 D:\yii115\framework\web\CBaseController.php(119): require('C:\xampp\htdocs...')
#2 D:\yii115\framework\web\CBaseController.php(88): CBaseController->renderInternal('C:\xampp\htdocs...', Array, true)
#3 D:\yii115\framework\web\CController.php(833): CBaseController->renderFile('C:\xampp\htdocs...', Array, true)
#4 C:\xampp\htdocs\pulse\protected\views\participatingTeam\create.php(15): CController->renderPartial('_form', Array)
#5 D:\yii115\framework\web\CBaseController.php(119): require('C:\xampp\htdocs...')
#6 D:\yii115\framework\web\CBaseController.php(88): CBaseController->renderInternal('C:\xampp\htdocs...', Array, true)
#7 D:\yii115\framework\web\CController.php(833): CBaseController->renderFile('C:\xampp\htdocs...', Array, true)
#8 D:\yii115\framework\web\CController.php(746): CController->renderPartial('create', Array, true)
#9 C:\xampp\htdocs\pulse\protected\controllers\ParticipatingTeamController.php(82): CController->render('create', Array)
#10 D:\yii115\framework\web\actions\CInlineAction.php(57): ParticipatingTeamController->actionCreate()
#11 D:\yii115\framework\web\CController.php(300): CInlineAction->run()
#12 D:\yii115\framework\web\filters\CFilterChain.php(133): CController->runAction(Object(CInlineAction))
#13 D:\yii115\framework\web\filters\CFilter.php(41): CFilterChain->run()
#14 D:\yii115\framework\web\CController.php(1084): CFilter->filter(Object(CFilterChain))
#15 D:\yii115\framework\web\filters\CInlineFilter.php(59): CController->filterAccessControl(Object(CFilterChain))
#16 D:\yii115\framework\web\filters\CFilterChain.php(130): CInlineFilter->filter(Object(CFilterChain))
#17 D:\yii115\framework\web\CController.php(283): CFilterChain->run()
#18 D:\yii115\framework\web\CController.php(257): CController->runActionWithFilters(Object(CInlineAction), Array)
#19 D:\yii115\framework\web\CWebApplication.php(324): CController->run('create')
#20 D:\yii115\framework\web\CWebApplication.php(121): CWebApplication->runController('participatingTe...')
#21 D:\yii115\framework\base\CApplication.php(135): CWebApplication->processRequest()
#22 C:\xampp\htdocs\pulse\index.php(13): CApplication->run()
#23 {main} REQUEST_URI=/pulse/index.php?r=participatingTeam/create
2013/12/08 15:47:54 [error] [exception.CException] exception 'CException' with message 'Property "ParticipatingTeamController.events" is not defined.' in D:\yii115\framework\base\CComponent.php:131
Stack trace:
#0 C:\xampp\htdocs\pulse\protected\views\participatingTeam\_form.php(6): CComponent->__get('events')
#1 D:\yii115\framework\web\CBaseController.php(119): require('C:\xampp\htdocs...')
#2 D:\yii115\framework\web\CBaseController.php(88): CBaseController->renderInternal('C:\xampp\htdocs...', Array, true)
#3 D:\yii115\framework\web\CController.php(833): CBaseController->renderFile('C:\xampp\htdocs...', Array, true)
#4 C:\xampp\htdocs\pulse\protected\views\participatingTeam\create.php(15): CController->renderPartial('_form', Array)
#5 D:\yii115\framework\web\CBaseController.php(119): require('C:\xampp\htdocs...')
#6 D:\yii115\framework\web\CBaseController.php(88): CBaseController->renderInternal('C:\xampp\htdocs...', Array, true)
#7 D:\yii115\framework\web\CController.php(833): CBaseController->renderFile('C:\xampp\htdocs...', Array, true)
#8 D:\yii115\framework\web\CController.php(746): CController->renderPartial('create', Array, true)
#9 C:\xampp\htdocs\pulse\protected\controllers\ParticipatingTeamController.php(82): CController->render('create', Array)
#10 D:\yii115\framework\web\actions\CInlineAction.php(57): ParticipatingTeamController->actionCreate()
#11 D:\yii115\framework\web\CController.php(300): CInlineAction->run()
#12 D:\yii115\framework\web\filters\CFilterChain.php(133): CController->runAction(Object(CInlineAction))
#13 D:\yii115\framework\web\filters\CFilter.php(41): CFilterChain->run()
#14 D:\yii115\framework\web\CController.php(1084): CFilter->filter(Object(CFilterChain))
#15 D:\yii115\framework\web\filters\CInlineFilter.php(59): CController->filterAccessControl(Object(CFilterChain))
#16 D:\yii115\framework\web\filters\CFilterChain.php(130): CInlineFilter->filter(Object(CFilterChain))
#17 D:\yii115\framework\web\CController.php(283): CFilterChain->run()
#18 D:\yii115\framework\web\CController.php(257): CController->runActionWithFilters(Object(CInlineAction), Array)
#19 D:\yii115\framework\web\CWebApplication.php(324): CController->run('create')
#20 D:\yii115\framework\web\CWebApplication.php(121): CWebApplication->runController('participatingTe...')
#21 D:\yii115\framework\base\CApplication.php(135): CWebApplication->processRequest()
#22 C:\xampp\htdocs\pulse\index.php(13): CApplication->run()
#23 {main} REQUEST_URI=/pulse/index.php?r=participatingTeam/create
2013/12/08 15:47:55 [error] [exception.CException] exception 'CException' with message 'Property "ParticipatingTeamController.events" is not defined.' in D:\yii115\framework\base\CComponent.php:131
Stack trace:
#0 C:\xampp\htdocs\pulse\protected\views\participatingTeam\_form.php(6): CComponent->__get('events')
#1 D:\yii115\framework\web\CBaseController.php(119): require('C:\xampp\htdocs...')
#2 D:\yii115\framework\web\CBaseController.php(88): CBaseController->renderInternal('C:\xampp\htdocs...', Array, true)
#3 D:\yii115\framework\web\CController.php(833): CBaseController->renderFile('C:\xampp\htdocs...', Array, true)
#4 C:\xampp\htdocs\pulse\protected\views\participatingTeam\create.php(15): CController->renderPartial('_form', Array)
#5 D:\yii115\framework\web\CBaseController.php(119): require('C:\xampp\htdocs...')
#6 D:\yii115\framework\web\CBaseController.php(88): CBaseController->renderInternal('C:\xampp\htdocs...', Array, true)
#7 D:\yii115\framework\web\CController.php(833): CBaseController->renderFile('C:\xampp\htdocs...', Array, true)
#8 D:\yii115\framework\web\CController.php(746): CController->renderPartial('create', Array, true)
#9 C:\xampp\htdocs\pulse\protected\controllers\ParticipatingTeamController.php(82): CController->render('create', Array)
#10 D:\yii115\framework\web\actions\CInlineAction.php(57): ParticipatingTeamController->actionCreate()
#11 D:\yii115\framework\web\CController.php(300): CInlineAction->run()
#12 D:\yii115\framework\web\filters\CFilterChain.php(133): CController->runAction(Object(CInlineAction))
#13 D:\yii115\framework\web\filters\CFilter.php(41): CFilterChain->run()
#14 D:\yii115\framework\web\CController.php(1084): CFilter->filter(Object(CFilterChain))
#15 D:\yii115\framework\web\filters\CInlineFilter.php(59): CController->filterAccessControl(Object(CFilterChain))
#16 D:\yii115\framework\web\filters\CFilterChain.php(130): CInlineFilter->filter(Object(CFilterChain))
#17 D:\yii115\framework\web\CController.php(283): CFilterChain->run()
#18 D:\yii115\framework\web\CController.php(257): CController->runActionWithFilters(Object(CInlineAction), Array)
#19 D:\yii115\framework\web\CWebApplication.php(324): CController->run('create')
#20 D:\yii115\framework\web\CWebApplication.php(121): CWebApplication->runController('participatingTe...')
#21 D:\yii115\framework\base\CApplication.php(135): CWebApplication->processRequest()
#22 C:\xampp\htdocs\pulse\index.php(13): CApplication->run()
#23 {main} REQUEST_URI=/pulse/index.php?r=participatingTeam/create
2013/12/08 15:47:55 [error] [exception.CException] exception 'CException' with message 'Property "ParticipatingTeamController.events" is not defined.' in D:\yii115\framework\base\CComponent.php:131
Stack trace:
#0 C:\xampp\htdocs\pulse\protected\views\participatingTeam\_form.php(6): CComponent->__get('events')
#1 D:\yii115\framework\web\CBaseController.php(119): require('C:\xampp\htdocs...')
#2 D:\yii115\framework\web\CBaseController.php(88): CBaseController->renderInternal('C:\xampp\htdocs...', Array, true)
#3 D:\yii115\framework\web\CController.php(833): CBaseController->renderFile('C:\xampp\htdocs...', Array, true)
#4 C:\xampp\htdocs\pulse\protected\views\participatingTeam\create.php(15): CController->renderPartial('_form', Array)
#5 D:\yii115\framework\web\CBaseController.php(119): require('C:\xampp\htdocs...')
#6 D:\yii115\framework\web\CBaseController.php(88): CBaseController->renderInternal('C:\xampp\htdocs...', Array, true)
#7 D:\yii115\framework\web\CController.php(833): CBaseController->renderFile('C:\xampp\htdocs...', Array, true)
#8 D:\yii115\framework\web\CController.php(746): CController->renderPartial('create', Array, true)
#9 C:\xampp\htdocs\pulse\protected\controllers\ParticipatingTeamController.php(82): CController->render('create', Array)
#10 D:\yii115\framework\web\actions\CInlineAction.php(57): ParticipatingTeamController->actionCreate()
#11 D:\yii115\framework\web\CController.php(300): CInlineAction->run()
#12 D:\yii115\framework\web\filters\CFilterChain.php(133): CController->runAction(Object(CInlineAction))
#13 D:\yii115\framework\web\filters\CFilter.php(41): CFilterChain->run()
#14 D:\yii115\framework\web\CController.php(1084): CFilter->filter(Object(CFilterChain))
#15 D:\yii115\framework\web\filters\CInlineFilter.php(59): CController->filterAccessControl(Object(CFilterChain))
#16 D:\yii115\framework\web\filters\CFilterChain.php(130): CInlineFilter->filter(Object(CFilterChain))
#17 D:\yii115\framework\web\CController.php(283): CFilterChain->run()
#18 D:\yii115\framework\web\CController.php(257): CController->runActionWithFilters(Object(CInlineAction), Array)
#19 D:\yii115\framework\web\CWebApplication.php(324): CController->run('create')
#20 D:\yii115\framework\web\CWebApplication.php(121): CWebApplication->runController('participatingTe...')
#21 D:\yii115\framework\base\CApplication.php(135): CWebApplication->processRequest()
#22 C:\xampp\htdocs\pulse\index.php(13): CApplication->run()
#23 {main} REQUEST_URI=/pulse/index.php?r=participatingTeam/create
2013/12/08 15:48:36 [error] [exception.CException] exception 'CException' with message 'Property "ParticipatingTeamController.events" is not defined.' in D:\yii115\framework\base\CComponent.php:131
Stack trace:
#0 C:\xampp\htdocs\pulse\protected\views\participatingTeam\_form.php(6): CComponent->__get('events')
#1 D:\yii115\framework\web\CBaseController.php(119): require('C:\xampp\htdocs...')
#2 D:\yii115\framework\web\CBaseController.php(88): CBaseController->renderInternal('C:\xampp\htdocs...', Array, true)
#3 D:\yii115\framework\web\CController.php(833): CBaseController->renderFile('C:\xampp\htdocs...', Array, true)
#4 C:\xampp\htdocs\pulse\protected\views\participatingTeam\create.php(15): CController->renderPartial('_form', Array)
#5 D:\yii115\framework\web\CBaseController.php(119): require('C:\xampp\htdocs...')
#6 D:\yii115\framework\web\CBaseController.php(88): CBaseController->renderInternal('C:\xampp\htdocs...', Array, true)
#7 D:\yii115\framework\web\CController.php(833): CBaseController->renderFile('C:\xampp\htdocs...', Array, true)
#8 D:\yii115\framework\web\CController.php(746): CController->renderPartial('create', Array, true)
#9 C:\xampp\htdocs\pulse\protected\controllers\ParticipatingTeamController.php(82): CController->render('create', Array)
#10 D:\yii115\framework\web\actions\CInlineAction.php(57): ParticipatingTeamController->actionCreate()
#11 D:\yii115\framework\web\CController.php(300): CInlineAction->run()
#12 D:\yii115\framework\web\filters\CFilterChain.php(133): CController->runAction(Object(CInlineAction))
#13 D:\yii115\framework\web\filters\CFilter.php(41): CFilterChain->run()
#14 D:\yii115\framework\web\CController.php(1084): CFilter->filter(Object(CFilterChain))
#15 D:\yii115\framework\web\filters\CInlineFilter.php(59): CController->filterAccessControl(Object(CFilterChain))
#16 D:\yii115\framework\web\filters\CFilterChain.php(130): CInlineFilter->filter(Object(CFilterChain))
#17 D:\yii115\framework\web\CController.php(283): CFilterChain->run()
#18 D:\yii115\framework\web\CController.php(257): CController->runActionWithFilters(Object(CInlineAction), Array)
#19 D:\yii115\framework\web\CWebApplication.php(324): CController->run('create')
#20 D:\yii115\framework\web\CWebApplication.php(121): CWebApplication->runController('participatingTe...')
#21 D:\yii115\framework\base\CApplication.php(135): CWebApplication->processRequest()
#22 C:\xampp\htdocs\pulse\index.php(13): CApplication->run()
#23 {main} REQUEST_URI=/pulse/index.php?r=participatingTeam/create
2013/12/08 15:48:37 [error] [exception.CException] exception 'CException' with message 'Property "ParticipatingTeamController.events" is not defined.' in D:\yii115\framework\base\CComponent.php:131
Stack trace:
#0 C:\xampp\htdocs\pulse\protected\views\participatingTeam\_form.php(6): CComponent->__get('events')
#1 D:\yii115\framework\web\CBaseController.php(119): require('C:\xampp\htdocs...')
#2 D:\yii115\framework\web\CBaseController.php(88): CBaseController->renderInternal('C:\xampp\htdocs...', Array, true)
#3 D:\yii115\framework\web\CController.php(833): CBaseController->renderFile('C:\xampp\htdocs...', Array, true)
#4 C:\xampp\htdocs\pulse\protected\views\participatingTeam\create.php(15): CController->renderPartial('_form', Array)
#5 D:\yii115\framework\web\CBaseController.php(119): require('C:\xampp\htdocs...')
#6 D:\yii115\framework\web\CBaseController.php(88): CBaseController->renderInternal('C:\xampp\htdocs...', Array, true)
#7 D:\yii115\framework\web\CController.php(833): CBaseController->renderFile('C:\xampp\htdocs...', Array, true)
#8 D:\yii115\framework\web\CController.php(746): CController->renderPartial('create', Array, true)
#9 C:\xampp\htdocs\pulse\protected\controllers\ParticipatingTeamController.php(82): CController->render('create', Array)
#10 D:\yii115\framework\web\actions\CInlineAction.php(57): ParticipatingTeamController->actionCreate()
#11 D:\yii115\framework\web\CController.php(300): CInlineAction->run()
#12 D:\yii115\framework\web\filters\CFilterChain.php(133): CController->runAction(Object(CInlineAction))
#13 D:\yii115\framework\web\filters\CFilter.php(41): CFilterChain->run()
#14 D:\yii115\framework\web\CController.php(1084): CFilter->filter(Object(CFilterChain))
#15 D:\yii115\framework\web\filters\CInlineFilter.php(59): CController->filterAccessControl(Object(CFilterChain))
#16 D:\yii115\framework\web\filters\CFilterChain.php(130): CInlineFilter->filter(Object(CFilterChain))
#17 D:\yii115\framework\web\CController.php(283): CFilterChain->run()
#18 D:\yii115\framework\web\CController.php(257): CController->runActionWithFilters(Object(CInlineAction), Array)
#19 D:\yii115\framework\web\CWebApplication.php(324): CController->run('create')
#20 D:\yii115\framework\web\CWebApplication.php(121): CWebApplication->runController('participatingTe...')
#21 D:\yii115\framework\base\CApplication.php(135): CWebApplication->processRequest()
#22 C:\xampp\htdocs\pulse\index.php(13): CApplication->run()
#23 {main} REQUEST_URI=/pulse/index.php?r=participatingTeam/create
2013/12/08 15:48:38 [error] [exception.CException] exception 'CException' with message 'Property "ParticipatingTeamController.events" is not defined.' in D:\yii115\framework\base\CComponent.php:131
Stack trace:
#0 C:\xampp\htdocs\pulse\protected\views\participatingTeam\_form.php(6): CComponent->__get('events')
#1 D:\yii115\framework\web\CBaseController.php(119): require('C:\xampp\htdocs...')
#2 D:\yii115\framework\web\CBaseController.php(88): CBaseController->renderInternal('C:\xampp\htdocs...', Array, true)
#3 D:\yii115\framework\web\CController.php(833): CBaseController->renderFile('C:\xampp\htdocs...', Array, true)
#4 C:\xampp\htdocs\pulse\protected\views\participatingTeam\create.php(15): CController->renderPartial('_form', Array)
#5 D:\yii115\framework\web\CBaseController.php(119): require('C:\xampp\htdocs...')
#6 D:\yii115\framework\web\CBaseController.php(88): CBaseController->renderInternal('C:\xampp\htdocs...', Array, true)
#7 D:\yii115\framework\web\CController.php(833): CBaseController->renderFile('C:\xampp\htdocs...', Array, true)
#8 D:\yii115\framework\web\CController.php(746): CController->renderPartial('create', Array, true)
#9 C:\xampp\htdocs\pulse\protected\controllers\ParticipatingTeamController.php(82): CController->render('create', Array)
#10 D:\yii115\framework\web\actions\CInlineAction.php(57): ParticipatingTeamController->actionCreate()
#11 D:\yii115\framework\web\CController.php(300): CInlineAction->run()
#12 D:\yii115\framework\web\filters\CFilterChain.php(133): CController->runAction(Object(CInlineAction))
#13 D:\yii115\framework\web\filters\CFilter.php(41): CFilterChain->run()
#14 D:\yii115\framework\web\CController.php(1084): CFilter->filter(Object(CFilterChain))
#15 D:\yii115\framework\web\filters\CInlineFilter.php(59): CController->filterAccessControl(Object(CFilterChain))
#16 D:\yii115\framework\web\filters\CFilterChain.php(130): CInlineFilter->filter(Object(CFilterChain))
#17 D:\yii115\framework\web\CController.php(283): CFilterChain->run()
#18 D:\yii115\framework\web\CController.php(257): CController->runActionWithFilters(Object(CInlineAction), Array)
#19 D:\yii115\framework\web\CWebApplication.php(324): CController->run('create')
#20 D:\yii115\framework\web\CWebApplication.php(121): CWebApplication->runController('participatingTe...')
#21 D:\yii115\framework\base\CApplication.php(135): CWebApplication->processRequest()
#22 C:\xampp\htdocs\pulse\index.php(13): CApplication->run()
#23 {main} REQUEST_URI=/pulse/index.php?r=participatingTeam/create
2013/12/08 15:48:38 [error] [exception.CException] exception 'CException' with message 'Property "ParticipatingTeamController.events" is not defined.' in D:\yii115\framework\base\CComponent.php:131
Stack trace:
#0 C:\xampp\htdocs\pulse\protected\views\participatingTeam\_form.php(6): CComponent->__get('events')
#1 D:\yii115\framework\web\CBaseController.php(119): require('C:\xampp\htdocs...')
#2 D:\yii115\framework\web\CBaseController.php(88): CBaseController->renderInternal('C:\xampp\htdocs...', Array, true)
#3 D:\yii115\framework\web\CController.php(833): CBaseController->renderFile('C:\xampp\htdocs...', Array, true)
#4 C:\xampp\htdocs\pulse\protected\views\participatingTeam\create.php(15): CController->renderPartial('_form', Array)
#5 D:\yii115\framework\web\CBaseController.php(119): require('C:\xampp\htdocs...')
#6 D:\yii115\framework\web\CBaseController.php(88): CBaseController->renderInternal('C:\xampp\htdocs...', Array, true)
#7 D:\yii115\framework\web\CController.php(833): CBaseController->renderFile('C:\xampp\htdocs...', Array, true)
#8 D:\yii115\framework\web\CController.php(746): CController->renderPartial('create', Array, true)
#9 C:\xampp\htdocs\pulse\protected\controllers\ParticipatingTeamController.php(82): CController->render('create', Array)
#10 D:\yii115\framework\web\actions\CInlineAction.php(57): ParticipatingTeamController->actionCreate()
#11 D:\yii115\framework\web\CController.php(300): CInlineAction->run()
#12 D:\yii115\framework\web\filters\CFilterChain.php(133): CController->runAction(Object(CInlineAction))
#13 D:\yii115\framework\web\filters\CFilter.php(41): CFilterChain->run()
#14 D:\yii115\framework\web\CController.php(1084): CFilter->filter(Object(CFilterChain))
#15 D:\yii115\framework\web\filters\CInlineFilter.php(59): CController->filterAccessControl(Object(CFilterChain))
#16 D:\yii115\framework\web\filters\CFilterChain.php(130): CInlineFilter->filter(Object(CFilterChain))
#17 D:\yii115\framework\web\CController.php(283): CFilterChain->run()
#18 D:\yii115\framework\web\CController.php(257): CController->runActionWithFilters(Object(CInlineAction), Array)
#19 D:\yii115\framework\web\CWebApplication.php(324): CController->run('create')
#20 D:\yii115\framework\web\CWebApplication.php(121): CWebApplication->runController('participatingTe...')
#21 D:\yii115\framework\base\CApplication.php(135): CWebApplication->processRequest()
#22 C:\xampp\htdocs\pulse\index.php(13): CApplication->run()
#23 {main} REQUEST_URI=/pulse/index.php?r=participatingTeam/create
2013/12/09 02:29:45 [error] [exception.CException] exception 'CException' with message 'Property "ParticipatingTeam.event_id" is not defined.' in D:\yii115\framework\base\CComponent.php:131
Stack trace:
#0 D:\yii115\framework\db\ar\CActiveRecord.php(111): CComponent->__get('event_id')
#1 D:\yii115\framework\web\helpers\CHtml.php(2006): CActiveRecord->__get('event_id')
#2 D:\yii115\framework\web\helpers\CHtml.php(1748): CHtml::resolveValue(Object(ParticipatingTeam), 'event_id')
#3 D:\yii115\framework\web\helpers\CHtml.php(1197): CHtml::activeInputField('hidden', Object(ParticipatingTeam), 'event_id', Array)
#4 D:\yii115\framework\web\widgets\CActiveForm.php(494): CHtml::activeHiddenField(Object(ParticipatingTeam), 'event_id', Array)
#5 C:\xampp\htdocs\pulse\protected\views\participatingTeam\_form.php(13): CActiveForm->hiddenField(Object(ParticipatingTeam), 'event_id', Array)
#6 D:\yii115\framework\web\CBaseController.php(119): require('C:\xampp\htdocs...')
#7 D:\yii115\framework\web\CBaseController.php(88): CBaseController->renderInternal('C:\xampp\htdocs...', Array, true)
#8 D:\yii115\framework\web\CController.php(833): CBaseController->renderFile('C:\xampp\htdocs...', Array, true)
#9 C:\xampp\htdocs\pulse\protected\views\participatingTeam\create.php(15): CController->renderPartial('_form', Array)
#10 D:\yii115\framework\web\CBaseController.php(119): require('C:\xampp\htdocs...')
#11 D:\yii115\framework\web\CBaseController.php(88): CBaseController->renderInternal('C:\xampp\htdocs...', Array, true)
#12 D:\yii115\framework\web\CController.php(833): CBaseController->renderFile('C:\xampp\htdocs...', Array, true)
#13 D:\yii115\framework\web\CController.php(746): CController->renderPartial('create', Array, true)
#14 C:\xampp\htdocs\pulse\protected\controllers\ParticipatingTeamController.php(82): CController->render('create', Array)
#15 D:\yii115\framework\web\actions\CInlineAction.php(57): ParticipatingTeamController->actionCreate()
#16 D:\yii115\framework\web\CController.php(300): CInlineAction->run()
#17 D:\yii115\framework\web\filters\CFilterChain.php(133): CController->runAction(Object(CInlineAction))
#18 D:\yii115\framework\web\filters\CFilter.php(41): CFilterChain->run()
#19 D:\yii115\framework\web\CController.php(1084): CFilter->filter(Object(CFilterChain))
#20 D:\yii115\framework\web\filters\CInlineFilter.php(59): CController->filterAccessControl(Object(CFilterChain))
#21 D:\yii115\framework\web\filters\CFilterChain.php(130): CInlineFilter->filter(Object(CFilterChain))
#22 D:\yii115\framework\web\CController.php(283): CFilterChain->run()
#23 D:\yii115\framework\web\CController.php(257): CController->runActionWithFilters(Object(CInlineAction), Array)
#24 D:\yii115\framework\web\CWebApplication.php(324): CController->run('create')
#25 D:\yii115\framework\web\CWebApplication.php(121): CWebApplication->runController('participatingTe...')
#26 D:\yii115\framework\base\CApplication.php(135): CWebApplication->processRequest()
#27 C:\xampp\htdocs\pulse\index.php(13): CApplication->run()
#28 {main} REQUEST_URI=/pulse/index.php?r=participatingTeam/create
2013/12/09 02:29:54 [error] [php] Use of undefined constant select - assumed 'select' (C:\xampp\htdocs\pulse\protected\views\participatingTeam\_form.php:21)
Stack trace:
#0 D:\yii115\framework\web\CController.php(833): ParticipatingTeamController->renderFile()
#1 C:\xampp\htdocs\pulse\protected\views\participatingTeam\create.php(15): ParticipatingTeamController->renderPartial()
#2 D:\yii115\framework\web\CBaseController.php(119): require()
#3 D:\yii115\framework\web\CBaseController.php(88): ParticipatingTeamController->renderInternal()
#4 D:\yii115\framework\web\CController.php(833): ParticipatingTeamController->renderFile()
#5 D:\yii115\framework\web\CController.php(746): ParticipatingTeamController->renderPartial()
#6 C:\xampp\htdocs\pulse\protected\controllers\ParticipatingTeamController.php(82): ParticipatingTeamController->render()
#7 D:\yii115\framework\web\actions\CInlineAction.php(57): ParticipatingTeamController->actionCreate()
#8 D:\yii115\framework\web\CController.php(300): CInlineAction->run()
#9 D:\yii115\framework\web\filters\CFilterChain.php(133): ParticipatingTeamController->runAction()
#10 D:\yii115\framework\web\filters\CFilter.php(41): CFilterChain->run()
#11 D:\yii115\framework\web\CController.php(1084): CAccessControlFilter->filter()
#12 D:\yii115\framework\web\filters\CInlineFilter.php(59): ParticipatingTeamController->filterAccessControl()
#13 D:\yii115\framework\web\filters\CFilterChain.php(130): CInlineFilter->filter()
#14 D:\yii115\framework\web\CController.php(283): CFilterChain->run()
#15 D:\yii115\framework\web\CController.php(257): ParticipatingTeamController->runActionWithFilters()
#16 D:\yii115\framework\web\CWebApplication.php(324): ParticipatingTeamController->run()
#17 D:\yii115\framework\web\CWebApplication.php(121): CWebApplication->runController()
#18 D:\yii115\framework\base\CApplication.php(135): CWebApplication->processRequest()
#19 C:\xampp\htdocs\pulse\index.php(13): CWebApplication->run()
REQUEST_URI=/pulse/index.php?r=participatingTeam/create
in C:\xampp\htdocs\pulse\protected\views\participatingTeam\_form.php (21)
in C:\xampp\htdocs\pulse\protected\views\participatingTeam\create.php (15)
in C:\xampp\htdocs\pulse\protected\controllers\ParticipatingTeamController.php (82)
2013/12/09 02:30:07 [error] [exception.CException] exception 'CException' with message 'CJuiAutoComplete must specify "model" and "attribute" or "name" property values.' in D:\yii115\framework\zii\widgets\jui\CJuiInputWidget.php:54
Stack trace:
#0 D:\yii115\framework\zii\widgets\jui\CJuiAutoComplete.php(73): CJuiInputWidget->resolveNameID()
#1 D:\yii115\framework\web\CBaseController.php(166): CJuiAutoComplete->run()
#2 C:\xampp\htdocs\pulse\protected\views\participatingTeam\_form.php(26): CBaseController->widget('zii.widgets.jui...', Array)
#3 D:\yii115\framework\web\CBaseController.php(119): require('C:\xampp\htdocs...')
#4 D:\yii115\framework\web\CBaseController.php(88): CBaseController->renderInternal('C:\xampp\htdocs...', Array, true)
#5 D:\yii115\framework\web\CController.php(833): CBaseController->renderFile('C:\xampp\htdocs...', Array, true)
#6 C:\xampp\htdocs\pulse\protected\views\participatingTeam\create.php(15): CController->renderPartial('_form', Array)
#7 D:\yii115\framework\web\CBaseController.php(119): require('C:\xampp\htdocs...')
#8 D:\yii115\framework\web\CBaseController.php(88): CBaseController->renderInternal('C:\xampp\htdocs...', Array, true)
#9 D:\yii115\framework\web\CController.php(833): CBaseController->renderFile('C:\xampp\htdocs...', Array, true)
#10 D:\yii115\framework\web\CController.php(746): CController->renderPartial('create', Array, true)
#11 C:\xampp\htdocs\pulse\protected\controllers\ParticipatingTeamController.php(82): CController->render('create', Array)
#12 D:\yii115\framework\web\actions\CInlineAction.php(57): ParticipatingTeamController->actionCreate()
#13 D:\yii115\framework\web\CController.php(300): CInlineAction->run()
#14 D:\yii115\framework\web\filters\CFilterChain.php(133): CController->runAction(Object(CInlineAction))
#15 D:\yii115\framework\web\filters\CFilter.php(41): CFilterChain->run()
#16 D:\yii115\framework\web\CController.php(1084): CFilter->filter(Object(CFilterChain))
#17 D:\yii115\framework\web\filters\CInlineFilter.php(59): CController->filterAccessControl(Object(CFilterChain))
#18 D:\yii115\framework\web\filters\CFilterChain.php(130): CInlineFilter->filter(Object(CFilterChain))
#19 D:\yii115\framework\web\CController.php(283): CFilterChain->run()
#20 D:\yii115\framework\web\CController.php(257): CController->runActionWithFilters(Object(CInlineAction), Array)
#21 D:\yii115\framework\web\CWebApplication.php(324): CController->run('create')
#22 D:\yii115\framework\web\CWebApplication.php(121): CWebApplication->runController('participatingTe...')
#23 D:\yii115\framework\base\CApplication.php(135): CWebApplication->processRequest()
#24 C:\xampp\htdocs\pulse\index.php(13): CApplication->run()
#25 {main} REQUEST_URI=/pulse/index.php?r=participatingTeam/create
2013/12/09 02:30:31 [error] [php] Use of undefined constant event_id - assumed 'event_id' (C:\xampp\htdocs\pulse\protected\views\participatingTeam\_form.php:17)
Stack trace:
#0 D:\yii115\framework\web\CController.php(833): ParticipatingTeamController->renderFile()
#1 C:\xampp\htdocs\pulse\protected\views\participatingTeam\create.php(15): ParticipatingTeamController->renderPartial()
#2 D:\yii115\framework\web\CBaseController.php(119): require()
#3 D:\yii115\framework\web\CBaseController.php(88): ParticipatingTeamController->renderInternal()
#4 D:\yii115\framework\web\CController.php(833): ParticipatingTeamController->renderFile()
#5 D:\yii115\framework\web\CController.php(746): ParticipatingTeamController->renderPartial()
#6 C:\xampp\htdocs\pulse\protected\controllers\ParticipatingTeamController.php(82): ParticipatingTeamController->render()
#7 D:\yii115\framework\web\actions\CInlineAction.php(57): ParticipatingTeamController->actionCreate()
#8 D:\yii115\framework\web\CController.php(300): CInlineAction->run()
#9 D:\yii115\framework\web\filters\CFilterChain.php(133): ParticipatingTeamController->runAction()
#10 D:\yii115\framework\web\filters\CFilter.php(41): CFilterChain->run()
#11 D:\yii115\framework\web\CController.php(1084): CAccessControlFilter->filter()
#12 D:\yii115\framework\web\filters\CInlineFilter.php(59): ParticipatingTeamController->filterAccessControl()
#13 D:\yii115\framework\web\filters\CFilterChain.php(130): CInlineFilter->filter()
#14 D:\yii115\framework\web\CController.php(283): CFilterChain->run()
#15 D:\yii115\framework\web\CController.php(257): ParticipatingTeamController->runActionWithFilters()
#16 D:\yii115\framework\web\CWebApplication.php(324): ParticipatingTeamController->run()
#17 D:\yii115\framework\web\CWebApplication.php(121): CWebApplication->runController()
#18 D:\yii115\framework\base\CApplication.php(135): CWebApplication->processRequest()
#19 C:\xampp\htdocs\pulse\index.php(13): CWebApplication->run()
REQUEST_URI=/pulse/index.php?r=participatingTeam/create
in C:\xampp\htdocs\pulse\protected\views\participatingTeam\_form.php (17)
in C:\xampp\htdocs\pulse\protected\views\participatingTeam\create.php (15)
in C:\xampp\htdocs\pulse\protected\controllers\ParticipatingTeamController.php (82)
2013/12/09 02:30:32 [error] [php] Use of undefined constant event_id - assumed 'event_id' (C:\xampp\htdocs\pulse\protected\views\participatingTeam\_form.php:17)
Stack trace:
#0 D:\yii115\framework\web\CController.php(833): ParticipatingTeamController->renderFile()
#1 C:\xampp\htdocs\pulse\protected\views\participatingTeam\create.php(15): ParticipatingTeamController->renderPartial()
#2 D:\yii115\framework\web\CBaseController.php(119): require()
#3 D:\yii115\framework\web\CBaseController.php(88): ParticipatingTeamController->renderInternal()
#4 D:\yii115\framework\web\CController.php(833): ParticipatingTeamController->renderFile()
#5 D:\yii115\framework\web\CController.php(746): ParticipatingTeamController->renderPartial()
#6 C:\xampp\htdocs\pulse\protected\controllers\ParticipatingTeamController.php(82): ParticipatingTeamController->render()
#7 D:\yii115\framework\web\actions\CInlineAction.php(57): ParticipatingTeamController->actionCreate()
#8 D:\yii115\framework\web\CController.php(300): CInlineAction->run()
#9 D:\yii115\framework\web\filters\CFilterChain.php(133): ParticipatingTeamController->runAction()
#10 D:\yii115\framework\web\filters\CFilter.php(41): CFilterChain->run()
#11 D:\yii115\framework\web\CController.php(1084): CAccessControlFilter->filter()
#12 D:\yii115\framework\web\filters\CInlineFilter.php(59): ParticipatingTeamController->filterAccessControl()
#13 D:\yii115\framework\web\filters\CFilterChain.php(130): CInlineFilter->filter()
#14 D:\yii115\framework\web\CController.php(283): CFilterChain->run()
#15 D:\yii115\framework\web\CController.php(257): ParticipatingTeamController->runActionWithFilters()
#16 D:\yii115\framework\web\CWebApplication.php(324): ParticipatingTeamController->run()
#17 D:\yii115\framework\web\CWebApplication.php(121): CWebApplication->runController()
#18 D:\yii115\framework\base\CApplication.php(135): CWebApplication->processRequest()
#19 C:\xampp\htdocs\pulse\index.php(13): CWebApplication->run()
REQUEST_URI=/pulse/index.php?r=participatingTeam/create
in C:\xampp\htdocs\pulse\protected\views\participatingTeam\_form.php (17)
in C:\xampp\htdocs\pulse\protected\views\participatingTeam\create.php (15)
in C:\xampp\htdocs\pulse\protected\controllers\ParticipatingTeamController.php (82)
